2019-01-30 12:14:20 INFO - Starting EcomPctmCachemanagerApplication on MOEXT_LAVER with PID 14480 (C:\Users\ext_lavergarav\TottusOrion\git\ECOM-PCTM-cachemanager\bin\main started by ext_lavergarav in C:\Users\ext_lavergarav\TottusOrion\git\ECOM-PCTM-cachemanager) - txEpd= txRef= cmRef= nodeRef= usrTx= rhsRef= commerce= country= 
2019-01-30 12:14:20 INFO - No active profile set, falling back to default profiles: default - txEpd= txRef= cmRef= nodeRef= usrTx= rhsRef= commerce= country= 
2019-01-30 12:14:22 INFO - Bootstrapping Spring Data repositories in DEFAULT mode. - txEpd= txRef= cmRef= nodeRef= usrTx= rhsRef= commerce= country= 
2019-01-30 12:14:22 INFO - Finished Spring Data repository scanning in 136ms. Found 1 repository interfaces. - txEpd= txRef= cmRef= nodeRef= usrTx= rhsRef= commerce= country= 
2019-01-30 12:14:22 INFO - Bean 'org.springframework.hateoas.config.HateoasConfiguration' of type [org.springframework.hateoas.config.HateoasConfiguration$$EnhancerBySpringCGLIB$$af5265b0] is not eligible for getting processed by all BeanPostProcessors (for example: not eligible for auto-proxying) - txEpd= txRef= cmRef= nodeRef= usrTx= rhsRef= commerce= country= 
2019-01-30 12:14:23 INFO - Tomcat initialized with port(s): 8083 (http) - txEpd= txRef= cmRef= nodeRef= usrTx= rhsRef= commerce= country= 
2019-01-30 12:14:23 INFO - Initializing ProtocolHandler ["http-nio-8083"] - txEpd= txRef= cmRef= nodeRef= usrTx= rhsRef= commerce= country= 
2019-01-30 12:14:23 INFO - Starting service [Tomcat] - txEpd= txRef= cmRef= nodeRef= usrTx= rhsRef= commerce= country= 
2019-01-30 12:14:23 INFO - Starting Servlet engine: [Apache Tomcat/9.0.14] - txEpd= txRef= cmRef= nodeRef= usrTx= rhsRef= commerce= country= 
2019-01-30 12:14:23 INFO - The APR based Apache Tomcat Native library which allows optimal performance in production environments was not found on the java.library.path: [C:\environments\oracle\java\8\jdk\bin;C:\WINDOWS\Sun\Java\bin;C:\WINDOWS\system32;C:\WINDOWS;C:/Program Files (x86)/Java/jre1.8.0_201/bin/client;C:/Program Files (x86)/Java/jre1.8.0_201/bin;C:/Program Files (x86)/Java/jre1.8.0_201/lib/i386;C:\Program Files\Docker\Docker\Resources\bin;C:\Program Files (x86)\Microsoft SDKs\Azure\CLI2\wbin;C:\Program Files (x86)\Common Files\Oracle\Java\javapath;C:\environments\oracle\db\10g\app\oracle\product\10.2.0\server\bin;C:\app\ext_lavergarav\product\12.1.0\dbhome_1\bin;C:\environments\oracle\db\12.1.0\dbhome_1\bin;C:\sybase\Shared\Sybase Central 4.3;C:\sybase\OCS-12_5\lib3p;C:\sybase\OCS-12_5\dll;C:\sybase\OCS-12_5\bin;C:\ProgramData\Oracle\Java\javapath;C:\Program Files (x86)\Intel\iCLS Client\;C:\Program Files\Intel\iCLS Client\;C:\Program Files\Common Files\Microsoft Shared\Microsoft Online Services;C:\Program Files (x86)\Common Files\Microsoft Shared\Microsoft Online Services;C:\WINDOWS\system32;C:\WINDOWS;C:\WINDOWS\System32\Wbem;C:\WINDOWS\System32\WindowsPowerShell\v1.0\;C:\Program Files\Intel\Intel(R) Management Engine Components\DAL;C:\Program Files\Intel\Intel(R) Management Engine Components\IPT;C:\Program Files (x86)\Intel\Intel(R) Management Engine Components\DAL;C:\Program Files (x86)\Intel\Intel(R) Management Engine Components\IPT;C:\Program Files\Intel\WiFi\bin\;C:\Program Files\Common Files\Intel\WirelessCommon\;C:\Program Files (x86)\Lenovo\Access Connections\;C:\Program Files\Lenovo\Fingerprint Manager Pro\;C:\Program Files\TortoiseSVN\bin;C:\Program Files (x86)\SDL International\SDLX;C:\Program Files\MATLAB\R2016b\bin;C:\WINDOWS\system32\config\systemprofile\.dnx\bin;C:\Program Files\Microsoft DNX\Dnvm\;C:\Program Files\Microsoft SQL Server\130\Tools\Binn\;C:\Program Files (x86)\PuTTY\;C:\Program Files\Java\jdk1.8.0_192\bin;C:\Users\ext_lavergarav\.azure-kubectl;C:\Program Files\Git\cmd;C:\Program Files (x86)\Nmap;C:\Program Files\Docker Toolbox;C:\Users\ext_lavergarav\Desktop\sts-bundle\sts-3.9.3.RELEASE;;.] - txEpd= txRef= cmRef= nodeRef= usrTx= rhsRef= commerce= country= 
2019-01-30 12:14:23 INFO - Initializing Spring embedded WebApplicationContext - txEpd= txRef= cmRef= nodeRef= usrTx= rhsRef= commerce= country= 
2019-01-30 12:14:23 INFO - Root WebApplicationContext: initialization completed in 3160 ms - txEpd= txRef= cmRef= nodeRef= usrTx= rhsRef= commerce= country= 
2019-01-30 12:14:33 INFO - Initializing DocumentClient with serviceEndpoint [https://tot-pe-mrex-prmg-product-qa.documents.azure.com:443/], ConnectionPolicy [ConnectionPolicy [requestTimeout=60, mediaRequestTimeout=300, connectionMode=Gateway, mediaReadMode=Buffered, maxPoolSize=400, idleConnectionTimeout=60, userAgentSuffix=;spring-data/2.0.5;f463404a5ff4cc47457ff6b1f64d28d4b5b2d1246c850571412bb6465d8f0556, retryOptions=com.microsoft.azure.documentdb.RetryOptions@1e84f10, enableEndpointDiscovery=true, preferredLocations=null]], ConsistencyLevel [null] - txEpd= txRef= cmRef= nodeRef= usrTx= rhsRef= commerce= country= 
2019-01-30 12:14:35 WARN - 'Windows 10' with 'x86' system is not compatible with native library. JNI not loaded. - txEpd= txRef= cmRef= nodeRef= usrTx= rhsRef= commerce= country= 
2019-01-30 12:14:36 INFO - Creating MessagingFactory to namespace 'sb://tot-corp-orion-int-qa.servicebus.windows.net/' - txEpd= txRef= cmRef= nodeRef= usrTx= rhsRef= commerce= country= 
2019-01-30 12:14:36 INFO - Creating messaging factory from namespace endpoint uri 'sb://tot-corp-orion-int-qa.servicebus.windows.net/' - txEpd= txRef= cmRef= nodeRef= usrTx= rhsRef= commerce= country= 
2019-01-30 12:14:36 INFO - Creating and starting reactor - txEpd= txRef= cmRef= nodeRef= usrTx= rhsRef= commerce= country= 
2019-01-30 12:14:36 INFO - Started reactor - txEpd= txRef= cmRef= nodeRef= usrTx= rhsRef= commerce= country= 
2019-01-30 12:14:36 INFO - starting reactor instance. - txEpd= txRef= cmRef= nodeRef= usrTx= rhsRef= commerce= country= 
2019-01-30 12:14:36 INFO - Creating connection to host 'tot-corp-orion-int-qa.servicebus.windows.net:5671' - txEpd= txRef= cmRef= nodeRef= usrTx= rhsRef= commerce= country= 
2019-01-30 12:14:38 INFO - MessagingFactory opened. - txEpd= txRef= cmRef= nodeRef= usrTx= rhsRef= commerce= country= 
2019-01-30 12:14:38 INFO - Connection opened to host. - txEpd= txRef= cmRef= nodeRef= usrTx= rhsRef= commerce= country= 
2019-01-30 12:14:38 INFO - Created MessagingFactory to namespace 'sb://tot-corp-orion-int-qa.servicebus.windows.net/' - txEpd= txRef= cmRef= nodeRef= usrTx= rhsRef= commerce= country= 
2019-01-30 12:14:38 INFO - Creating MessageSender to entity 'tot-corp-orion-productchanges-topic-out' - txEpd= txRef= cmRef= nodeRef= usrTx= rhsRef= commerce= country= 
2019-01-30 12:14:38 INFO - Creating CBS link to $cbs - txEpd= txRef= cmRef= nodeRef= usrTx= rhsRef= commerce= country= 
2019-01-30 12:14:38 INFO - Creating core message sender to 'tot-corp-orion-productchanges-topic-out' - txEpd= txRef= cmRef= nodeRef= usrTx= rhsRef= commerce= country= 
2019-01-30 12:14:38 INFO - Opened requestresponselink to $cbs - txEpd= txRef= cmRef= nodeRef= usrTx= rhsRef= commerce= country= 
2019-01-30 12:14:38 INFO - Created CBS link to $cbs - txEpd= txRef= cmRef= nodeRef= usrTx= rhsRef= commerce= country= 
2019-01-30 12:14:38 INFO - Creating send link to 'tot-corp-orion-productchanges-topic-out' - txEpd= txRef= cmRef= nodeRef= usrTx= rhsRef= commerce= country= 
2019-01-30 12:14:38 INFO - Opened send link to 'tot-corp-orion-productchanges-topic-out' - txEpd= txRef= cmRef= nodeRef= usrTx= rhsRef= commerce= country= 
2019-01-30 12:14:38 INFO - Created MessageSender to entity 'tot-corp-orion-productchanges-topic-out' - txEpd= txRef= cmRef= nodeRef= usrTx= rhsRef= commerce= country= 
2019-01-30 12:14:38 INFO - Created topic client to connection string 'Endpoint=sb://tot-corp-orion-int-qa.servicebus.windows.net/;EntityPath=tot-corp-orion-productchanges-topic-out;' - txEpd= txRef= cmRef= nodeRef= usrTx= rhsRef= commerce= country= 
2019-01-30 12:14:38 INFO - Creating messaging factory from connection string 'Endpoint=sb://tot-corp-orion-int-qa.servicebus.windows.net/;EntityPath=tot-corp-orion-productchanges-topic-mid/subscriptions/TOT-CORP-ORION-ProductChanges-Subs-Topic-MID;' - txEpd= txRef= cmRef= nodeRef= usrTx= rhsRef= commerce= country= 
2019-01-30 12:14:38 INFO - Creating messaging factory from namespace endpoint uri 'sb://tot-corp-orion-int-qa.servicebus.windows.net/' - txEpd= txRef= cmRef= nodeRef= usrTx= rhsRef= commerce= country= 
2019-01-30 12:14:38 INFO - Creating and starting reactor - txEpd= txRef= cmRef= nodeRef= usrTx= rhsRef= commerce= country= 
2019-01-30 12:14:38 INFO - Started reactor - txEpd= txRef= cmRef= nodeRef= usrTx= rhsRef= commerce= country= 
2019-01-30 12:14:38 INFO - starting reactor instance. - txEpd= txRef= cmRef= nodeRef= usrTx= rhsRef= commerce= country= 
2019-01-30 12:14:38 INFO - Creating connection to host 'tot-corp-orion-int-qa.servicebus.windows.net:5671' - txEpd= txRef= cmRef= nodeRef= usrTx= rhsRef= commerce= country= 
2019-01-30 12:14:39 INFO - MessagingFactory opened. - txEpd= txRef= cmRef= nodeRef= usrTx= rhsRef= commerce= country= 
2019-01-30 12:14:39 INFO - Connection opened to host. - txEpd= txRef= cmRef= nodeRef= usrTx= rhsRef= commerce= country= 
2019-01-30 12:14:39 INFO - Creating CBS link to $cbs - txEpd= txRef= cmRef= nodeRef= usrTx= rhsRef= commerce= country= 
2019-01-30 12:14:39 INFO - Created subscription client to connection string 'Endpoint=sb://tot-corp-orion-int-qa.servicebus.windows.net/;EntityPath=tot-corp-orion-productchanges-topic-mid/subscriptions/TOT-CORP-ORION-ProductChanges-Subs-Topic-MID;' - txEpd= txRef= cmRef= nodeRef= usrTx= rhsRef= commerce= country= 
2019-01-30 12:14:39 INFO - Registering message handler on entity 'tot-corp-orion-productchanges-topic-mid/subscriptions/TOT-CORP-ORION-ProductChanges-Subs-Topic-MID' with 'MessageHandlerOptions - AutoComplete:true, MaxConcurrentCalls:1, MaxAutoRenewDuration:PT5M' - txEpd= txRef= cmRef= nodeRef= usrTx= rhsRef= commerce= country= 
2019-01-30 12:14:39 INFO - Creating MessageReceiver to entity 'tot-corp-orion-productchanges-topic-mid/subscriptions/TOT-CORP-ORION-ProductChanges-Subs-Topic-MID', ReceiveMode 'PEEKLOCK' - txEpd= txRef= cmRef= nodeRef= usrTx= rhsRef= commerce= country= 
2019-01-30 12:14:39 INFO - Creating core message receiver to 'tot-corp-orion-productchanges-topic-mid/subscriptions/TOT-CORP-ORION-ProductChanges-Subs-Topic-MID' - txEpd= txRef= cmRef= nodeRef= usrTx= rhsRef= commerce= country= 
2019-01-30 12:14:39 INFO - Opened requestresponselink to $cbs - txEpd= txRef= cmRef= nodeRef= usrTx= rhsRef= commerce= country= 
2019-01-30 12:14:39 INFO - Created CBS link to $cbs - txEpd= txRef= cmRef= nodeRef= usrTx= rhsRef= commerce= country= 
2019-01-30 12:14:40 INFO - Creating receive link to 'tot-corp-orion-productchanges-topic-mid/subscriptions/TOT-CORP-ORION-ProductChanges-Subs-Topic-MID' - txEpd= txRef= cmRef= nodeRef= usrTx= rhsRef= commerce= country= 
2019-01-30 12:14:40 INFO - Receive link to 'tot-corp-orion-productchanges-topic-mid/subscriptions/TOT-CORP-ORION-ProductChanges-Subs-Topic-MID' opened. - txEpd= txRef= cmRef= nodeRef= usrTx= rhsRef= commerce= country= 
2019-01-30 12:14:40 INFO - Created MessageReceiver to entity 'tot-corp-orion-productchanges-topic-mid/subscriptions/TOT-CORP-ORION-ProductChanges-Subs-Topic-MID' - txEpd= txRef= cmRef= nodeRef= usrTx= rhsRef= commerce= country= 
2019-01-30 12:14:40 INFO - Created MessageBrowser to entity 'tot-corp-orion-productchanges-topic-mid/subscriptions/TOT-CORP-ORION-ProductChanges-Subs-Topic-MID' - txEpd= txRef= cmRef= nodeRef= usrTx= rhsRef= commerce= country= 
2019-01-30 12:14:40 INFO - Created MessageReceiver to entity 'tot-corp-orion-productchanges-topic-mid/subscriptions/TOT-CORP-ORION-ProductChanges-Subs-Topic-MID' - txEpd= txRef= cmRef= nodeRef= usrTx= rhsRef= commerce= country= 
2019-01-30 12:14:42 INFO - Initializing ExecutorService 'applicationTaskExecutor' - txEpd= txRef= cmRef= nodeRef= usrTx= rhsRef= commerce= country= 
2019-01-30 12:14:44 INFO - Initializing DocumentClient with serviceEndpoint [https://tot-pe-mrex-prmg-product-qa.documents.azure.com:443/], ConnectionPolicy [ConnectionPolicy [requestTimeout=60, mediaRequestTimeout=300, connectionMode=Gateway, mediaReadMode=Buffered, maxPoolSize=400, idleConnectionTimeout=60, userAgentSuffix=;spring-data/2.0.5;f463404a5ff4cc47457ff6b1f64d28d4b5b2d1246c850571412bb6465d8f0556, retryOptions=com.microsoft.azure.documentdb.RetryOptions@1e84f10, enableEndpointDiscovery=true, preferredLocations=null]], ConsistencyLevel [null] - txEpd= txRef= cmRef= nodeRef= usrTx= rhsRef= commerce= country= 
2019-01-30 12:14:45 INFO - Exposing 2 endpoint(s) beneath base path '/actuator' - txEpd= txRef= cmRef= nodeRef= usrTx= rhsRef= commerce= country= 
2019-01-30 12:14:45 INFO - Starting ProtocolHandler ["http-nio-8083"] - txEpd= txRef= cmRef= nodeRef= usrTx= rhsRef= commerce= country= 
2019-01-30 12:14:45 INFO - Tomcat started on port(s): 8083 (http) with context path '' - txEpd= txRef= cmRef= nodeRef= usrTx= rhsRef= commerce= country= 
2019-01-30 12:14:45 INFO - Started EcomPctmCachemanagerApplication in 25.907 seconds (JVM running for 27.609) - txEpd= txRef= cmRef= nodeRef= usrTx= rhsRef= commerce= country= 
2019-01-30 12:15:40 WARN - No messages received from 'tot-corp-orion-productchanges-topic-mid/subscriptions/TOT-CORP-ORION-ProductChanges-Subs-Topic-MID'. Pending receive request timed out. Returning null to the client. - txEpd= txRef= cmRef= nodeRef= usrTx= rhsRef= commerce= country= 
2019-01-30 12:16:40 WARN - No messages received from 'tot-corp-orion-productchanges-topic-mid/subscriptions/TOT-CORP-ORION-ProductChanges-Subs-Topic-MID'. Pending receive request timed out. Returning null to the client. - txEpd= txRef= cmRef= nodeRef= usrTx= rhsRef= commerce= country= 
2019-01-30 12:17:40 WARN - No messages received from 'tot-corp-orion-productchanges-topic-mid/subscriptions/TOT-CORP-ORION-ProductChanges-Subs-Topic-MID'. Pending receive request timed out. Returning null to the client. - txEpd= txRef= cmRef= nodeRef= usrTx= rhsRef= commerce= country= 
2019-01-30 12:18:40 WARN - No messages received from 'tot-corp-orion-productchanges-topic-mid/subscriptions/TOT-CORP-ORION-ProductChanges-Subs-Topic-MID'. Pending receive request timed out. Returning null to the client. - txEpd= txRef= cmRef= nodeRef= usrTx= rhsRef= commerce= country= 
2019-01-30 12:19:40 WARN - No messages received from 'tot-corp-orion-productchanges-topic-mid/subscriptions/TOT-CORP-ORION-ProductChanges-Subs-Topic-MID'. Pending receive request timed out. Returning null to the client. - txEpd= txRef= cmRef= nodeRef= usrTx= rhsRef= commerce= country= 
2019-01-30 12:20:40 WARN - No messages received from 'tot-corp-orion-productchanges-topic-mid/subscriptions/TOT-CORP-ORION-ProductChanges-Subs-Topic-MID'. Pending receive request timed out. Returning null to the client. - txEpd= txRef= cmRef= nodeRef= usrTx= rhsRef= commerce= country= 
2019-01-30 12:21:40 WARN - No messages received from 'tot-corp-orion-productchanges-topic-mid/subscriptions/TOT-CORP-ORION-ProductChanges-Subs-Topic-MID'. Pending receive request timed out. Returning null to the client. - txEpd= txRef= cmRef= nodeRef= usrTx= rhsRef= commerce= country= 
2019-01-30 12:22:40 WARN - No messages received from 'tot-corp-orion-productchanges-topic-mid/subscriptions/TOT-CORP-ORION-ProductChanges-Subs-Topic-MID'. Pending receive request timed out. Returning null to the client. - txEpd= txRef= cmRef= nodeRef= usrTx= rhsRef= commerce= country= 
2019-01-30 12:23:40 WARN - No messages received from 'tot-corp-orion-productchanges-topic-mid/subscriptions/TOT-CORP-ORION-ProductChanges-Subs-Topic-MID'. Pending receive request timed out. Returning null to the client. - txEpd= txRef= cmRef= nodeRef= usrTx= rhsRef= commerce= country= 
2019-01-30 12:24:40 WARN - No messages received from 'tot-corp-orion-productchanges-topic-mid/subscriptions/TOT-CORP-ORION-ProductChanges-Subs-Topic-MID'. Pending receive request timed out. Returning null to the client. - txEpd= txRef= cmRef= nodeRef= usrTx= rhsRef= commerce= country= 
2019-01-30 12:25:40 WARN - No messages received from 'tot-corp-orion-productchanges-topic-mid/subscriptions/TOT-CORP-ORION-ProductChanges-Subs-Topic-MID'. Pending receive request timed out. Returning null to the client. - txEpd= txRef= cmRef= nodeRef= usrTx= rhsRef= commerce= country= 
2019-01-30 12:26:40 WARN - No messages received from 'tot-corp-orion-productchanges-topic-mid/subscriptions/TOT-CORP-ORION-ProductChanges-Subs-Topic-MID'. Pending receive request timed out. Returning null to the client. - txEpd= txRef= cmRef= nodeRef= usrTx= rhsRef= commerce= country= 
2019-01-30 12:27:40 WARN - No messages received from 'tot-corp-orion-productchanges-topic-mid/subscriptions/TOT-CORP-ORION-ProductChanges-Subs-Topic-MID'. Pending receive request timed out. Returning null to the client. - txEpd= txRef= cmRef= nodeRef= usrTx= rhsRef= commerce= country= 
2019-01-30 12:28:40 WARN - No messages received from 'tot-corp-orion-productchanges-topic-mid/subscriptions/TOT-CORP-ORION-ProductChanges-Subs-Topic-MID'. Pending receive request timed out. Returning null to the client. - txEpd= txRef= cmRef= nodeRef= usrTx= rhsRef= commerce= country= 
2019-01-30 12:29:40 WARN - No messages received from 'tot-corp-orion-productchanges-topic-mid/subscriptions/TOT-CORP-ORION-ProductChanges-Subs-Topic-MID'. Pending receive request timed out. Returning null to the client. - txEpd= txRef= cmRef= nodeRef= usrTx= rhsRef= commerce= country= 
2019-01-30 12:30:40 WARN - No messages received from 'tot-corp-orion-productchanges-topic-mid/subscriptions/TOT-CORP-ORION-ProductChanges-Subs-Topic-MID'. Pending receive request timed out. Returning null to the client. - txEpd= txRef= cmRef= nodeRef= usrTx= rhsRef= commerce= country= 
2019-01-30 12:30:46 INFO - Application shutdown requested. - txEpd= txRef= cmRef= nodeRef= usrTx= rhsRef= commerce= country= 
2019-01-30 12:30:46 INFO - Closing DocumentClient - txEpd= txRef= cmRef= nodeRef= usrTx= rhsRef= commerce= country= 
2019-01-30 12:30:46 WARN - Preferred location background task was interrupted - txEpd= txRef= cmRef= nodeRef= usrTx= rhsRef= commerce= country= 
2019-01-30 12:30:46 INFO - Shutting down ExecutorService 'applicationTaskExecutor' - txEpd= txRef= cmRef= nodeRef= usrTx= rhsRef= commerce= country= 
