2019-01-24 15:25:25 INFO - Starting ProductCatalogCmdApplication on MOEXT_LAVER with PID 22284 (C:\Users\ext_lavergarav\Downloads\product-catalog-cmd\product-catalog-cmd\bin\main started by ext_lavergarav in C:\Users\ext_lavergarav\Downloads\product-catalog-cmd\product-catalog-cmd) - txEpd= txRef= cmRef= nodeRef= usrTx= rhsRef= commerce= country= 
2019-01-24 15:25:25 INFO - No active profile set, falling back to default profiles: default - txEpd= txRef= cmRef= nodeRef= usrTx= rhsRef= commerce= country= 
2019-01-24 15:25:26 INFO - Bootstrapping Spring Data repositories in DEFAULT mode. - txEpd= txRef= cmRef= nodeRef= usrTx= rhsRef= commerce= country= 
2019-01-24 15:25:26 INFO - Finished Spring Data repository scanning in 108ms. Found 1 repository interfaces. - txEpd= txRef= cmRef= nodeRef= usrTx= rhsRef= commerce= country= 
2019-01-24 15:25:27 INFO - Bean 'org.springframework.hateoas.config.HateoasConfiguration' of type [org.springframework.hateoas.config.HateoasConfiguration$$EnhancerBySpringCGLIB$$d58129c5] is not eligible for getting processed by all BeanPostProcessors (for example: not eligible for auto-proxying) - txEpd= txRef= cmRef= nodeRef= usrTx= rhsRef= commerce= country= 
2019-01-24 15:25:27 INFO - Tomcat initialized with port(s): 8082 (http) - txEpd= txRef= cmRef= nodeRef= usrTx= rhsRef= commerce= country= 
2019-01-24 15:25:27 INFO - Initializing ProtocolHandler ["http-nio-8082"] - txEpd= txRef= cmRef= nodeRef= usrTx= rhsRef= commerce= country= 
2019-01-24 15:25:27 INFO - Starting service [Tomcat] - txEpd= txRef= cmRef= nodeRef= usrTx= rhsRef= commerce= country= 
2019-01-24 15:25:27 INFO - Starting Servlet engine: [Apache Tomcat/9.0.14] - txEpd= txRef= cmRef= nodeRef= usrTx= rhsRef= commerce= country= 
2019-01-24 15:25:27 INFO - The APR based Apache Tomcat Native library which allows optimal performance in production environments was not found on the java.library.path: [C:\environments\oracle\java\8\jdk\bin;C:\WINDOWS\Sun\Java\bin;C:\WINDOWS\system32;C:\WINDOWS;C:/Program Files (x86)/Java/jre1.8.0_201/bin/client;C:/Program Files (x86)/Java/jre1.8.0_201/bin;C:/Program Files (x86)/Java/jre1.8.0_201/lib/i386;C:\Program Files (x86)\Common Files\Oracle\Java\javapath;C:\environments\oracle\db\10g\app\oracle\product\10.2.0\server\bin;C:\app\ext_lavergarav\product\12.1.0\dbhome_1\bin;C:\environments\oracle\db\12.1.0\dbhome_1\bin;C:\sybase\Shared\Sybase Central 4.3;C:\sybase\OCS-12_5\lib3p;C:\sybase\OCS-12_5\dll;C:\sybase\OCS-12_5\bin;C:\ProgramData\Oracle\Java\javapath;C:\Program Files (x86)\Intel\iCLS Client\;C:\Program Files\Intel\iCLS Client\;C:\Program Files\Common Files\Microsoft Shared\Microsoft Online Services;C:\Program Files (x86)\Common Files\Microsoft Shared\Microsoft Online Services;C:\WINDOWS\system32;C:\WINDOWS;C:\WINDOWS\System32\Wbem;C:\WINDOWS\System32\WindowsPowerShell\v1.0\;C:\Program Files\Intel\Intel(R) Management Engine Components\DAL;C:\Program Files\Intel\Intel(R) Management Engine Components\IPT;C:\Program Files (x86)\Intel\Intel(R) Management Engine Components\DAL;C:\Program Files (x86)\Intel\Intel(R) Management Engine Components\IPT;C:\Program Files\Intel\WiFi\bin\;C:\Program Files\Common Files\Intel\WirelessCommon\;C:\Program Files (x86)\Lenovo\Access Connections\;C:\Program Files\Lenovo\Fingerprint Manager Pro\;C:\Program Files\TortoiseSVN\bin;C:\Program Files (x86)\SDL International\SDLX;C:\Program Files\MATLAB\R2016b\bin;C:\WINDOWS\system32\config\systemprofile\.dnx\bin;C:\Program Files\Microsoft DNX\Dnvm\;C:\Program Files\Microsoft SQL Server\130\Tools\Binn\;C:\Program Files (x86)\PuTTY\;C:\Program Files\Java\jdk1.8.0_192\bin;C:\Program Files (x86)\Nmap;C:\Users\ext_lavergarav\Desktop\sts-bundle\sts-3.9.3.RELEASE;;.] - txEpd= txRef= cmRef= nodeRef= usrTx= rhsRef= commerce= country= 
2019-01-24 15:25:28 INFO - Initializing Spring embedded WebApplicationContext - txEpd= txRef= cmRef= nodeRef= usrTx= rhsRef= commerce= country= 
2019-01-24 15:25:28 INFO - Root WebApplicationContext: initialization completed in 2736 ms - txEpd= txRef= cmRef= nodeRef= usrTx= rhsRef= commerce= country= 
2019-01-24 15:25:35 INFO - Initializing DocumentClient with serviceEndpoint [https://orionpetest.documents.azure.com:443/], ConnectionPolicy [ConnectionPolicy [requestTimeout=60, mediaRequestTimeout=300, connectionMode=Gateway, mediaReadMode=Buffered, maxPoolSize=400, idleConnectionTimeout=60, userAgentSuffix=;spring-data/2.0.5;f463404a5ff4cc47457ff6b1f64d28d4b5b2d1246c850571412bb6465d8f0556, retryOptions=com.microsoft.azure.documentdb.RetryOptions@ea6fcb, enableEndpointDiscovery=true, preferredLocations=null]], ConsistencyLevel [null] - txEpd= txRef= cmRef= nodeRef= usrTx= rhsRef= commerce= country= 
2019-01-24 15:25:36 WARN - 'Windows 10' with 'x86' system is not compatible with native library. JNI not loaded. - txEpd= txRef= cmRef= nodeRef= usrTx= rhsRef= commerce= country= 
2019-01-24 15:25:37 INFO - Creating MessagingFactory to namespace 'sb://orion-pe-test.servicebus.windows.net/' - txEpd= txRef= cmRef= nodeRef= usrTx= rhsRef= commerce= country= 
2019-01-24 15:25:37 INFO - Creating messaging factory from namespace endpoint uri 'sb://orion-pe-test.servicebus.windows.net/' - txEpd= txRef= cmRef= nodeRef= usrTx= rhsRef= commerce= country= 
2019-01-24 15:25:37 INFO - Creating and starting reactor - txEpd= txRef= cmRef= nodeRef= usrTx= rhsRef= commerce= country= 
2019-01-24 15:25:37 INFO - Started reactor - txEpd= txRef= cmRef= nodeRef= usrTx= rhsRef= commerce= country= 
2019-01-24 15:25:37 INFO - starting reactor instance. - txEpd= txRef= cmRef= nodeRef= usrTx= rhsRef= commerce= country= 
2019-01-24 15:25:37 INFO - Creating connection to host 'orion-pe-test.servicebus.windows.net:5671' - txEpd= txRef= cmRef= nodeRef= usrTx= rhsRef= commerce= country= 
2019-01-24 15:25:38 INFO - MessagingFactory opened. - txEpd= txRef= cmRef= nodeRef= usrTx= rhsRef= commerce= country= 
2019-01-24 15:25:38 INFO - Connection opened to host. - txEpd= txRef= cmRef= nodeRef= usrTx= rhsRef= commerce= country= 
2019-01-24 15:25:38 INFO - Created MessagingFactory to namespace 'sb://orion-pe-test.servicebus.windows.net/' - txEpd= txRef= cmRef= nodeRef= usrTx= rhsRef= commerce= country= 
2019-01-24 15:25:38 INFO - Creating MessageSender to entity 'orion-pe-test-sbqueue' - txEpd= txRef= cmRef= nodeRef= usrTx= rhsRef= commerce= country= 
2019-01-24 15:25:38 INFO - Creating CBS link to $cbs - txEpd= txRef= cmRef= nodeRef= usrTx= rhsRef= commerce= country= 
2019-01-24 15:25:38 INFO - Creating core message sender to 'orion-pe-test-sbqueue' - txEpd= txRef= cmRef= nodeRef= usrTx= rhsRef= commerce= country= 
2019-01-24 15:25:38 INFO - Opened requestresponselink to $cbs - txEpd= txRef= cmRef= nodeRef= usrTx= rhsRef= commerce= country= 
2019-01-24 15:25:38 INFO - Created CBS link to $cbs - txEpd= txRef= cmRef= nodeRef= usrTx= rhsRef= commerce= country= 
2019-01-24 15:25:38 INFO - Creating send link to 'orion-pe-test-sbqueue' - txEpd= txRef= cmRef= nodeRef= usrTx= rhsRef= commerce= country= 
2019-01-24 15:25:38 INFO - Opened send link to 'orion-pe-test-sbqueue' - txEpd= txRef= cmRef= nodeRef= usrTx= rhsRef= commerce= country= 
2019-01-24 15:25:38 INFO - Created MessageSender to entity 'orion-pe-test-sbqueue' - txEpd= txRef= cmRef= nodeRef= usrTx= rhsRef= commerce= country= 
2019-01-24 15:25:38 INFO - Created topic client to connection string 'Endpoint=sb://orion-pe-test.servicebus.windows.net/;EntityPath=orion-pe-test-sbqueue;' - txEpd= txRef= cmRef= nodeRef= usrTx= rhsRef= commerce= country= 
2019-01-24 15:25:41 INFO - Creating messaging factory from connection string 'Endpoint=sb://orion-pe-test.servicebus.windows.net/;EntityPath=orion-pe-test-sbqueue;' - txEpd= txRef= cmRef= nodeRef= usrTx= rhsRef= commerce= country= 
2019-01-24 15:25:41 INFO - Creating messaging factory from namespace endpoint uri 'sb://orion-pe-test.servicebus.windows.net/' - txEpd= txRef= cmRef= nodeRef= usrTx= rhsRef= commerce= country= 
2019-01-24 15:25:41 INFO - Creating and starting reactor - txEpd= txRef= cmRef= nodeRef= usrTx= rhsRef= commerce= country= 
2019-01-24 15:25:41 INFO - starting reactor instance. - txEpd= txRef= cmRef= nodeRef= usrTx= rhsRef= commerce= country= 
2019-01-24 15:25:41 INFO - Started reactor - txEpd= txRef= cmRef= nodeRef= usrTx= rhsRef= commerce= country= 
2019-01-24 15:25:41 INFO - Creating connection to host 'orion-pe-test.servicebus.windows.net:5671' - txEpd= txRef= cmRef= nodeRef= usrTx= rhsRef= commerce= country= 
2019-01-24 15:25:41 INFO - MessagingFactory opened. - txEpd= txRef= cmRef= nodeRef= usrTx= rhsRef= commerce= country= 
2019-01-24 15:25:41 INFO - Connection opened to host. - txEpd= txRef= cmRef= nodeRef= usrTx= rhsRef= commerce= country= 
2019-01-24 15:25:41 INFO - Creating CBS link to $cbs - txEpd= txRef= cmRef= nodeRef= usrTx= rhsRef= commerce= country= 
2019-01-24 15:25:41 INFO - Created queue client to connection string 'Endpoint=sb://orion-pe-test.servicebus.windows.net/;EntityPath=orion-pe-test-sbqueue;' - txEpd= txRef= cmRef= nodeRef= usrTx= rhsRef= commerce= country= 
2019-01-24 15:25:41 INFO - Registering message handler on entity 'orion-pe-test-sbqueue' with 'MessageHandlerOptions - AutoComplete:true, MaxConcurrentCalls:1, MaxAutoRenewDuration:PT5M' - txEpd= txRef= cmRef= nodeRef= usrTx= rhsRef= commerce= country= 
2019-01-24 15:25:41 INFO - Creating MessageReceiver to entity 'orion-pe-test-sbqueue', ReceiveMode 'PEEKLOCK' - txEpd= txRef= cmRef= nodeRef= usrTx= rhsRef= commerce= country= 
2019-01-24 15:25:41 INFO - Creating core message receiver to 'orion-pe-test-sbqueue' - txEpd= txRef= cmRef= nodeRef= usrTx= rhsRef= commerce= country= 
2019-01-24 15:25:41 INFO - Opened requestresponselink to $cbs - txEpd= txRef= cmRef= nodeRef= usrTx= rhsRef= commerce= country= 
2019-01-24 15:25:41 INFO - Created CBS link to $cbs - txEpd= txRef= cmRef= nodeRef= usrTx= rhsRef= commerce= country= 
2019-01-24 15:25:42 INFO - Creating receive link to 'orion-pe-test-sbqueue' - txEpd= txRef= cmRef= nodeRef= usrTx= rhsRef= commerce= country= 
2019-01-24 15:25:42 INFO - Receive link to 'orion-pe-test-sbqueue' opened. - txEpd= txRef= cmRef= nodeRef= usrTx= rhsRef= commerce= country= 
2019-01-24 15:25:42 INFO - Created MessageReceiver to entity 'orion-pe-test-sbqueue' - txEpd= txRef= cmRef= nodeRef= usrTx= rhsRef= commerce= country= 
2019-01-24 15:25:42 INFO - Created MessageBrowser to entity 'orion-pe-test-sbqueue' - txEpd= txRef= cmRef= nodeRef= usrTx= rhsRef= commerce= country= 
2019-01-24 15:25:42 INFO - Created MessageReceiver to entity 'orion-pe-test-sbqueue' - txEpd= txRef= cmRef= nodeRef= usrTx= rhsRef= commerce= country= 
2019-01-24 15:25:42 INFO - Closing message and session pump on entity 'orion-pe-test-sbqueue' - txEpd= txRef= cmRef= nodeRef= usrTx= rhsRef= commerce= country= 
2019-01-24 15:25:42 INFO - Closing MessageReceiver to entity 'orion-pe-test-sbqueue' - txEpd= txRef= cmRef= nodeRef= usrTx= rhsRef= commerce= country= 
2019-01-24 15:25:42 INFO - Closing receive link to 'orion-pe-test-sbqueue' - txEpd= txRef= cmRef= nodeRef= usrTx= rhsRef= commerce= country= 
2019-01-24 15:25:42 INFO - Receive link to 'orion-pe-test-sbqueue', sessionId 'null' closed - txEpd= txRef= cmRef= nodeRef= usrTx= rhsRef= commerce= country= 
2019-01-24 15:25:42 INFO - Closed MessageReceiver to entity 'orion-pe-test-sbqueue' - txEpd= txRef= cmRef= nodeRef= usrTx= rhsRef= commerce= country= 
2019-01-24 15:25:42 INFO - Completeing all pending receive and updateState operation on the receiver to 'orion-pe-test-sbqueue' - txEpd= txRef= cmRef= nodeRef= usrTx= rhsRef= commerce= country= 
2019-01-24 15:25:42 INFO - Closing messaging factory - txEpd= txRef= cmRef= nodeRef= usrTx= rhsRef= commerce= country= 
2019-01-24 15:25:42 INFO - Closing CBS link - txEpd= txRef= cmRef= nodeRef= usrTx= rhsRef= commerce= country= 
2019-01-24 15:25:42 INFO - Closing requestresponselink to $cbs by closing both internal sender and receiver links. - txEpd= txRef= cmRef= nodeRef= usrTx= rhsRef= commerce= country= 
2019-01-24 15:25:42 INFO - Closed internal send link of requestresponselink to $cbs - txEpd= txRef= cmRef= nodeRef= usrTx= rhsRef= commerce= country= 
2019-01-24 15:25:42 INFO - Closed internal receive link of requestresponselink to $cbs - txEpd= txRef= cmRef= nodeRef= usrTx= rhsRef= commerce= country= 
2019-01-24 15:25:42 INFO - Closing all cached request-response links - txEpd= txRef= cmRef= nodeRef= usrTx= rhsRef= commerce= country= 
2019-01-24 15:25:42 INFO - Closing connection to host - txEpd= txRef= cmRef= nodeRef= usrTx= rhsRef= commerce= country= 
2019-01-24 15:25:42 INFO - Connection to host closed. - txEpd= txRef= cmRef= nodeRef= usrTx= rhsRef= commerce= country= 
2019-01-24 15:25:42 INFO - Gracefully releasing reactor thread as messaging factory is closed - txEpd= txRef= cmRef= nodeRef= usrTx= rhsRef= commerce= country= 
2019-01-24 15:25:42 INFO - Stopping reactor - txEpd= txRef= cmRef= nodeRef= usrTx= rhsRef= commerce= country= 
2019-01-24 15:25:43 INFO - Initializing ExecutorService 'applicationTaskExecutor' - txEpd= txRef= cmRef= nodeRef= usrTx= rhsRef= commerce= country= 
2019-01-24 15:25:44 INFO - Initializing DocumentClient with serviceEndpoint [https://orionpetest.documents.azure.com:443/], ConnectionPolicy [ConnectionPolicy [requestTimeout=60, mediaRequestTimeout=300, connectionMode=Gateway, mediaReadMode=Buffered, maxPoolSize=400, idleConnectionTimeout=60, userAgentSuffix=;spring-data/2.0.5;f463404a5ff4cc47457ff6b1f64d28d4b5b2d1246c850571412bb6465d8f0556, retryOptions=com.microsoft.azure.documentdb.RetryOptions@ea6fcb, enableEndpointDiscovery=true, preferredLocations=null]], ConsistencyLevel [null] - txEpd= txRef= cmRef= nodeRef= usrTx= rhsRef= commerce= country= 
2019-01-24 15:25:45 INFO - Exposing 2 endpoint(s) beneath base path '/actuator' - txEpd= txRef= cmRef= nodeRef= usrTx= rhsRef= commerce= country= 
2019-01-24 15:25:45 INFO - Starting ProtocolHandler ["http-nio-8082"] - txEpd= txRef= cmRef= nodeRef= usrTx= rhsRef= commerce= country= 
2019-01-24 15:25:45 INFO - Tomcat started on port(s): 8082 (http) with context path '' - txEpd= txRef= cmRef= nodeRef= usrTx= rhsRef= commerce= country= 
2019-01-24 15:25:45 INFO - Started ProductCatalogCmdApplication in 21.111 seconds (JVM running for 22.73) - txEpd= txRef= cmRef= nodeRef= usrTx= rhsRef= commerce= country= 
2019-01-24 15:26:39 INFO - Initializing Spring DispatcherServlet 'dispatcherServlet' - txEpd= txRef= cmRef= nodeRef= usrTx= rhsRef= commerce= country= 
2019-01-24 15:26:39 INFO - Initializing Servlet 'dispatcherServlet' - txEpd= txRef= cmRef= nodeRef= usrTx= rhsRef= commerce= country= 
2019-01-24 15:26:39 INFO - Completed initialization in 30 ms - txEpd= txRef= cmRef= nodeRef= usrTx= rhsRef= commerce= country= 
2019-01-24 15:26:39 INFO - Create Product request. - txEpd= txRef= cmRef= nodeRef= usrTx= rhsRef= commerce= country= 
2019-01-24 15:26:39 INFO - Product Saved successful  - txEpd= txRef= cmRef= nodeRef= usrTx= rhsRef= commerce= country= 
2019-01-24 15:26:39 INFO - Publishing ProductCreated event - txEpd= txRef= cmRef= nodeRef= usrTx= rhsRef= commerce= country= 
2019-01-24 15:26:39 INFO - Received ProductCreated event - Sending integration Event  - txEpd= txRef= cmRef= nodeRef= usrTx= rhsRef= commerce= country= 
2019-01-24 15:26:39 INFO - Event published: {"sku":"258979573","skuDescription":"Aceite Primor 3 LT","levelID":1,"tradeMark":"primor","model":" ","productType":"food","state":"activo","ean":123456789012345,"saleUnit":"UN","skuPosDescription":"Aceite Prim 3LT","skuFlejeDescription":"Acei Prim 3lt","proveedorID":12,"provider":"Alircorp SA","skuCode":"123456789012","skuCodeDescription":"aceite primor","subClass":"S00001","subClassDescription":"Abarrotes","classDescription":"Comestibles","subDepartment":"S0003","subDepartmentDescription":"Aceites","department":"D000001","departmentDescription":"Aceites Vegetales","division":"D000002","divisionDescription":"Aceites vegetales","class":"C00001"} - txEpd= txRef= cmRef= nodeRef= usrTx= rhsRef= commerce= country= 
2019-01-24 15:26:39 INFO - Product Created successful  - txEpd= txRef= cmRef= nodeRef= usrTx= rhsRef= commerce= country= 
2019-01-24 15:29:01 INFO - Application shutdown requested. - txEpd= txRef= cmRef= nodeRef= usrTx= rhsRef= commerce= country= 
2019-01-24 15:29:01 INFO - Closing DocumentClient - txEpd= txRef= cmRef= nodeRef= usrTx= rhsRef= commerce= country= 
2019-01-24 15:29:01 WARN - Preferred location background task was interrupted - txEpd= txRef= cmRef= nodeRef= usrTx= rhsRef= commerce= country= 
2019-01-24 15:29:01 INFO - Shutting down ExecutorService 'applicationTaskExecutor' - txEpd= txRef= cmRef= nodeRef= usrTx= rhsRef= commerce= country= 
