2019-02-12 16:59:18 INFO - Starting ProductCatalogCmdApplication on MOEXT_LAVER with PID 19240 (C:\addesa\API\Peru\Tottus\Orion\Desarrollo\git\product-catalog-cmd\bin\main started by ext_lavergarav in C:\addesa\API\Peru\Tottus\Orion\Desarrollo\git\product-catalog-cmd) - txEpd= txRef= cmRef= nodeRef= usrTx= rhsRef= commerce= country= 
2019-02-12 16:59:19 INFO - No active profile set, falling back to default profiles: default - txEpd= txRef= cmRef= nodeRef= usrTx= rhsRef= commerce= country= 
2019-02-12 16:59:21 INFO - Bootstrapping Spring Data repositories in DEFAULT mode. - txEpd= txRef= cmRef= nodeRef= usrTx= rhsRef= commerce= country= 
2019-02-12 16:59:21 INFO - Finished Spring Data repository scanning in 284ms. Found 1 repository interfaces. - txEpd= txRef= cmRef= nodeRef= usrTx= rhsRef= commerce= country= 
2019-02-12 16:59:22 INFO - Bean 'org.springframework.hateoas.config.HateoasConfiguration' of type [org.springframework.hateoas.config.HateoasConfiguration$$EnhancerBySpringCGLIB$$f5c905ca] is not eligible for getting processed by all BeanPostProcessors (for example: not eligible for auto-proxying) - txEpd= txRef= cmRef= nodeRef= usrTx= rhsRef= commerce= country= 
2019-02-12 16:59:24 INFO - Tomcat initialized with port(s): 8082 (http) - txEpd= txRef= cmRef= nodeRef= usrTx= rhsRef= commerce= country= 
2019-02-12 16:59:24 INFO - Initializing ProtocolHandler ["http-nio-8082"] - txEpd= txRef= cmRef= nodeRef= usrTx= rhsRef= commerce= country= 
2019-02-12 16:59:24 INFO - Starting service [Tomcat] - txEpd= txRef= cmRef= nodeRef= usrTx= rhsRef= commerce= country= 
2019-02-12 16:59:24 INFO - Starting Servlet engine: [Apache Tomcat/9.0.14] - txEpd= txRef= cmRef= nodeRef= usrTx= rhsRef= commerce= country= 
2019-02-12 16:59:24 INFO - The APR based Apache Tomcat Native library which allows optimal performance in production environments was not found on the java.library.path: [C:\environments\oracle\java\8\jdk\bin;C:\WINDOWS\Sun\Java\bin;C:\WINDOWS\system32;C:\WINDOWS;C:/Program Files (x86)/Java/jre1.8.0_201/bin/client;C:/Program Files (x86)/Java/jre1.8.0_201/bin;C:/Program Files (x86)/Java/jre1.8.0_201/lib/i386;C:\Program Files\Docker\Docker\Resources\bin;C:\Program Files (x86)\Microsoft SDKs\Azure\CLI2\wbin;C:\Program Files (x86)\Common Files\Oracle\Java\javapath;C:\environments\oracle\db\10g\app\oracle\product\10.2.0\server\bin;C:\app\ext_lavergarav\product\12.1.0\dbhome_1\bin;C:\environments\oracle\db\12.1.0\dbhome_1\bin;C:\sybase\Shared\Sybase Central 4.3;C:\sybase\OCS-12_5\lib3p;C:\sybase\OCS-12_5\dll;C:\sybase\OCS-12_5\bin;C:\ProgramData\Oracle\Java\javapath;C:\Program Files (x86)\Intel\iCLS Client\;C:\Program Files\Intel\iCLS Client\;C:\Program Files\Common Files\Microsoft Shared\Microsoft Online Services;C:\Program Files (x86)\Common Files\Microsoft Shared\Microsoft Online Services;C:\WINDOWS\system32;C:\WINDOWS;C:\WINDOWS\System32\Wbem;C:\WINDOWS\System32\WindowsPowerShell\v1.0\;C:\Program Files\Intel\Intel(R) Management Engine Components\DAL;C:\Program Files\Intel\Intel(R) Management Engine Components\IPT;C:\Program Files (x86)\Intel\Intel(R) Management Engine Components\DAL;C:\Program Files (x86)\Intel\Intel(R) Management Engine Components\IPT;C:\Program Files\Intel\WiFi\bin\;C:\Program Files\Common Files\Intel\WirelessCommon\;C:\Program Files (x86)\Lenovo\Access Connections\;C:\Program Files\Lenovo\Fingerprint Manager Pro\;C:\Program Files\TortoiseSVN\bin;C:\Program Files (x86)\SDL International\SDLX;C:\Program Files\MATLAB\R2016b\bin;C:\WINDOWS\system32\config\systemprofile\.dnx\bin;C:\Program Files\Microsoft DNX\Dnvm\;C:\Program Files\Microsoft SQL Server\130\Tools\Binn\;C:\Program Files (x86)\PuTTY\;C:\Program Files\Java\jdk1.8.0_192\bin;C:\Users\ext_lavergarav\.azure-kubectl;C:\Program Files\Git\cmd;C:\Program Files (x86)\Nmap;C:\Program Files\Docker Toolbox;C:\Users\ext_lavergarav\Desktop\sts-bundle\sts-3.9.3.RELEASE;;.] - txEpd= txRef= cmRef= nodeRef= usrTx= rhsRef= commerce= country= 
2019-02-12 16:59:25 INFO - Initializing Spring embedded WebApplicationContext - txEpd= txRef= cmRef= nodeRef= usrTx= rhsRef= commerce= country= 
2019-02-12 16:59:25 INFO - Root WebApplicationContext: initialization completed in 5711 ms - txEpd= txRef= cmRef= nodeRef= usrTx= rhsRef= commerce= country= 
2019-02-12 17:00:18 INFO - Initializing DocumentClient with serviceEndpoint [https://tot-pe-mrex-prmg-product-qa.documents.azure.com:443/], ConnectionPolicy [ConnectionPolicy [requestTimeout=60, mediaRequestTimeout=300, connectionMode=Gateway, mediaReadMode=Buffered, maxPoolSize=400, idleConnectionTimeout=60, userAgentSuffix=;spring-data/2.0.5;f463404a5ff4cc47457ff6b1f64d28d4b5b2d1246c850571412bb6465d8f0556, retryOptions=com.microsoft.azure.documentdb.RetryOptions@1db6703, enableEndpointDiscovery=true, preferredLocations=null]], ConsistencyLevel [null] - txEpd= txRef= cmRef= nodeRef= usrTx= rhsRef= commerce= country= 
2019-02-12 17:00:20 WARN - 'Windows 10' with 'x86' system is not compatible with native library. JNI not loaded. - txEpd= txRef= cmRef= nodeRef= usrTx= rhsRef= commerce= country= 
2019-02-12 17:00:22 INFO - Creating MessagingFactory to namespace 'sb://tot-corp-orion-int-qa.servicebus.windows.net/' - txEpd= txRef= cmRef= nodeRef= usrTx= rhsRef= commerce= country= 
2019-02-12 17:00:22 INFO - Creating messaging factory from namespace endpoint uri 'sb://tot-corp-orion-int-qa.servicebus.windows.net/' - txEpd= txRef= cmRef= nodeRef= usrTx= rhsRef= commerce= country= 
2019-02-12 17:00:22 INFO - Creating and starting reactor - txEpd= txRef= cmRef= nodeRef= usrTx= rhsRef= commerce= country= 
2019-02-12 17:00:22 INFO - Started reactor - txEpd= txRef= cmRef= nodeRef= usrTx= rhsRef= commerce= country= 
2019-02-12 17:00:22 INFO - starting reactor instance. - txEpd= txRef= cmRef= nodeRef= usrTx= rhsRef= commerce= country= 
2019-02-12 17:00:23 INFO - Creating connection to host 'tot-corp-orion-int-qa.servicebus.windows.net:5671' - txEpd= txRef= cmRef= nodeRef= usrTx= rhsRef= commerce= country= 
2019-02-12 17:00:24 INFO - MessagingFactory opened. - txEpd= txRef= cmRef= nodeRef= usrTx= rhsRef= commerce= country= 
2019-02-12 17:00:24 INFO - Connection opened to host. - txEpd= txRef= cmRef= nodeRef= usrTx= rhsRef= commerce= country= 
2019-02-12 17:00:24 INFO - Created MessagingFactory to namespace 'sb://tot-corp-orion-int-qa.servicebus.windows.net/' - txEpd= txRef= cmRef= nodeRef= usrTx= rhsRef= commerce= country= 
2019-02-12 17:00:24 INFO - Creating MessageSender to entity 'tot-corp-orion-productchanges-topic-mid' - txEpd= txRef= cmRef= nodeRef= usrTx= rhsRef= commerce= country= 
2019-02-12 17:00:24 INFO - Creating CBS link to $cbs - txEpd= txRef= cmRef= nodeRef= usrTx= rhsRef= commerce= country= 
2019-02-12 17:00:24 INFO - Creating core message sender to 'tot-corp-orion-productchanges-topic-mid' - txEpd= txRef= cmRef= nodeRef= usrTx= rhsRef= commerce= country= 
2019-02-12 17:00:25 INFO - Opened requestresponselink to $cbs - txEpd= txRef= cmRef= nodeRef= usrTx= rhsRef= commerce= country= 
2019-02-12 17:00:25 INFO - Created CBS link to $cbs - txEpd= txRef= cmRef= nodeRef= usrTx= rhsRef= commerce= country= 
2019-02-12 17:00:25 INFO - Creating send link to 'tot-corp-orion-productchanges-topic-mid' - txEpd= txRef= cmRef= nodeRef= usrTx= rhsRef= commerce= country= 
2019-02-12 17:00:25 INFO - Opened send link to 'tot-corp-orion-productchanges-topic-mid' - txEpd= txRef= cmRef= nodeRef= usrTx= rhsRef= commerce= country= 
2019-02-12 17:00:25 INFO - Created MessageSender to entity 'tot-corp-orion-productchanges-topic-mid' - txEpd= txRef= cmRef= nodeRef= usrTx= rhsRef= commerce= country= 
2019-02-12 17:00:25 INFO - Created topic client to connection string 'Endpoint=sb://tot-corp-orion-int-qa.servicebus.windows.net/;EntityPath=tot-corp-orion-productchanges-topic-mid;' - txEpd= txRef= cmRef= nodeRef= usrTx= rhsRef= commerce= country= 
2019-02-12 17:00:28 INFO - Initializing ExecutorService 'applicationTaskExecutor' - txEpd= txRef= cmRef= nodeRef= usrTx= rhsRef= commerce= country= 
2019-02-12 17:00:30 INFO - Initializing DocumentClient with serviceEndpoint [https://tot-pe-mrex-prmg-product-qa.documents.azure.com:443/], ConnectionPolicy [ConnectionPolicy [requestTimeout=60, mediaRequestTimeout=300, connectionMode=Gateway, mediaReadMode=Buffered, maxPoolSize=400, idleConnectionTimeout=60, userAgentSuffix=;spring-data/2.0.5;f463404a5ff4cc47457ff6b1f64d28d4b5b2d1246c850571412bb6465d8f0556, retryOptions=com.microsoft.azure.documentdb.RetryOptions@1db6703, enableEndpointDiscovery=true, preferredLocations=null]], ConsistencyLevel [null] - txEpd= txRef= cmRef= nodeRef= usrTx= rhsRef= commerce= country= 
2019-02-12 17:00:32 INFO - Exposing 2 endpoint(s) beneath base path '/actuator' - txEpd= txRef= cmRef= nodeRef= usrTx= rhsRef= commerce= country= 
2019-02-12 17:00:32 INFO - Starting ProtocolHandler ["http-nio-8082"] - txEpd= txRef= cmRef= nodeRef= usrTx= rhsRef= commerce= country= 
2019-02-12 17:00:32 INFO - Tomcat started on port(s): 8082 (http) with context path '' - txEpd= txRef= cmRef= nodeRef= usrTx= rhsRef= commerce= country= 
2019-02-12 17:00:32 INFO - Started ProductCatalogCmdApplication in 77.013 seconds (JVM running for 90.478) - txEpd= txRef= cmRef= nodeRef= usrTx= rhsRef= commerce= country= 
2019-02-12 17:01:03 INFO - Initializing Spring DispatcherServlet 'dispatcherServlet' - txEpd= txRef= cmRef= nodeRef= usrTx= rhsRef= commerce= country= 
2019-02-12 17:01:03 INFO - Initializing Servlet 'dispatcherServlet' - txEpd= txRef= cmRef= nodeRef= usrTx= rhsRef= commerce= country= 
2019-02-12 17:01:03 INFO - Completed initialization in 49 ms - txEpd= txRef= cmRef= nodeRef= usrTx= rhsRef= commerce= country= 
2019-02-12 17:01:04 INFO - PETottusPMM - txEpd= txRef= cmRef= nodeRef= usrTx= rhsRef= commerce= country= 
2019-02-12 17:01:04 INFO - Create Product request. - txEpd= txRef= cmRef= nodeRef= usrTx= rhsRef= commerce= country= 
2019-02-12 17:01:05 INFO - Product Saved successful  - txEpd= txRef= cmRef= nodeRef= usrTx= rhsRef= commerce= country= 
2019-02-12 17:01:05 INFO - Sending ProductCreateEvent integration Event  - txEpd= txRef= cmRef= nodeRef= usrTx= rhsRef= commerce= country= 
2019-02-12 17:01:05 INFO - Event published: {"sku":"20114881","description":"Paneton Tottus 1 900 GR","levelId":1,"brand":"LG","model":"","productType":"SERVICIO","status":"Activo/Inactivo/Purgado","ean":1234567890123,"unitMeasure":"UNIDAD","saleUnit":"UNIDAD","posDescription":"","flejeDescription":"","codeSupplier":null,"nameSupplier":"","qtyCasePack":null,"nameCasePack":"","codeSUNAT":"","eanSecundary":[{"eanSecundary":1234567890123}],"hierarchy":{"skuCode":"41234533","skuName":"ACEITE IDEAL","skuCodeLevel":1,"subClass":"J0101010101","subClassName":"ACEITE DE MAIZ","subClassLevel":2,"className":"ACEITES","classLevel":3,"subDepartment":"J010101","subDepartmentName":"ALIMENTOS BASICOS","subDepartmentLevel":4,"department":"J0101","departmentName":"ABARROTES","departmentLevel":5,"division":"J01","divisionName":"PGC COMESTIBLES","divisionLevel":6,"class":"J01010101"},"logisticAttributes":{"unitWeight":"KG","valueWeight":2.5,"unitMeasure":"CMT","length":5.15,"width":5,"high":0.11,"unitMeasureCasePack":"CMT","lengthCasePack":5.15,"widthCasePack":5,"highCasePack":0.11,"palletHi":11,"palletTier":3},"conservation":{"tvu":30,"conservation":"Mantener refrigerado a 25c","typeSanitaryRegistration":"RS/NS","numSanitaryRegistration":"RSKKN09-89","startDateSanitaryRegistration":"10-01-2018","endDateSanitaryRegistration":"10-01-2020","tmr":389},"assortment":{"store":123},"attribute":[{"nameAttribute":"Marca","value":"LG"}]} - txEpd= txRef= cmRef= nodeRef= usrTx= rhsRef= commerce= country= 
2019-02-12 17:01:05 INFO - Product Created successful  - txEpd= txRef= cmRef= nodeRef= usrTx= rhsRef= commerce= country= 
2019-02-12 17:05:10 INFO - Update Product request. - txEpd= txRef= cmRef= nodeRef= usrTx= rhsRef= commerce= country= 
2019-02-12 17:05:11 INFO - Product Saved successful  - txEpd= txRef= cmRef= nodeRef= usrTx= rhsRef= commerce= country= 
2019-02-12 17:05:11 INFO - Sending ProductUpdatedEvent integration Event  - txEpd= txRef= cmRef= nodeRef= usrTx= rhsRef= commerce= country= 
2019-02-12 17:05:12 INFO - Event published: {"sku":"20114881","description":"Paneton Tottus 1 900 GR","levelId":1,"brand":"LG","model":"","productType":"SERVICIO","status":"Activo/Inactivo/Purgado","ean":1234567890123,"unitMeasure":"UNIDAD","saleUnit":"UNIDAD","posDescription":"","flejeDescription":"","codeSupplier":null,"nameSupplier":"","qtyCasePack":null,"nameCasePack":"","codeSUNAT":"","eanSecundary":[{"eanSecundary":1234567890123}],"hierarchy":{"skuCode":"41234533","skuName":"ACEITE IDEAL","skuCodeLevel":1,"subClass":"J0101010101","subClassName":"ACEITE DE MAIZ","subClassLevel":2,"className":"ACEITES","classLevel":3,"subDepartment":"J010101","subDepartmentName":"ALIMENTOS BASICOS","subDepartmentLevel":4,"department":"J0101","departmentName":"ABARROTES","departmentLevel":5,"division":"J01","divisionName":"PGC COMESTIBLES","divisionLevel":6,"class":"J01010101"},"logisticAttributes":{"unitWeight":"KG","valueWeight":2.5,"unitMeasure":"CMT","length":5.15,"width":5,"high":0.11,"unitMeasureCasePack":"CMT","lengthCasePack":5.15,"widthCasePack":5,"highCasePack":0.11,"palletHi":11,"palletTier":3},"conservation":{"tvu":30,"conservation":"Mantener refrigerado a 25c","typeSanitaryRegistration":"RS/NS","numSanitaryRegistration":"RSKKN09-89","startDateSanitaryRegistration":"10-01-2018","endDateSanitaryRegistration":"10-01-2020","tmr":389},"assortment":{"store":123},"attribute":[{"nameAttribute":"Marca","value":"LG"}]} - txEpd= txRef= cmRef= nodeRef= usrTx= rhsRef= commerce= country= 
2019-02-12 17:05:12 INFO - Product Updated successful  - txEpd= txRef= cmRef= nodeRef= usrTx= rhsRef= commerce= country= 
