2019-01-30 12:13:19 INFO - Starting ProductCatalogCmdApplication on MOEXT_LAVER with PID 9496 (C:\Users\ext_lavergarav\TottusOrion\git\product-catalog-cmd\bin\main started by ext_lavergarav in C:\Users\ext_lavergarav\TottusOrion\git\product-catalog-cmd) - txEpd= txRef= cmRef= nodeRef= usrTx= rhsRef= commerce= country= 
2019-01-30 12:13:19 INFO - No active profile set, falling back to default profiles: default - txEpd= txRef= cmRef= nodeRef= usrTx= rhsRef= commerce= country= 
2019-01-30 12:13:21 INFO - Bootstrapping Spring Data repositories in DEFAULT mode. - txEpd= txRef= cmRef= nodeRef= usrTx= rhsRef= commerce= country= 
2019-01-30 12:13:21 INFO - Finished Spring Data repository scanning in 114ms. Found 1 repository interfaces. - txEpd= txRef= cmRef= nodeRef= usrTx= rhsRef= commerce= country= 
2019-01-30 12:13:21 INFO - Bean 'org.springframework.hateoas.config.HateoasConfiguration' of type [org.springframework.hateoas.config.HateoasConfiguration$$EnhancerBySpringCGLIB$$bd3b02e8] is not eligible for getting processed by all BeanPostProcessors (for example: not eligible for auto-proxying) - txEpd= txRef= cmRef= nodeRef= usrTx= rhsRef= commerce= country= 
2019-01-30 12:13:22 INFO - Tomcat initialized with port(s): 8082 (http) - txEpd= txRef= cmRef= nodeRef= usrTx= rhsRef= commerce= country= 
2019-01-30 12:13:22 INFO - Initializing ProtocolHandler ["http-nio-8082"] - txEpd= txRef= cmRef= nodeRef= usrTx= rhsRef= commerce= country= 
2019-01-30 12:13:22 INFO - Starting service [Tomcat] - txEpd= txRef= cmRef= nodeRef= usrTx= rhsRef= commerce= country= 
2019-01-30 12:13:22 INFO - Starting Servlet engine: [Apache Tomcat/9.0.14] - txEpd= txRef= cmRef= nodeRef= usrTx= rhsRef= commerce= country= 
2019-01-30 12:13:22 INFO - The APR based Apache Tomcat Native library which allows optimal performance in production environments was not found on the java.library.path: [C:\environments\oracle\java\8\jdk\bin;C:\WINDOWS\Sun\Java\bin;C:\WINDOWS\system32;C:\WINDOWS;C:/Program Files (x86)/Java/jre1.8.0_201/bin/client;C:/Program Files (x86)/Java/jre1.8.0_201/bin;C:/Program Files (x86)/Java/jre1.8.0_201/lib/i386;C:\Program Files\Docker\Docker\Resources\bin;C:\Program Files (x86)\Microsoft SDKs\Azure\CLI2\wbin;C:\Program Files (x86)\Common Files\Oracle\Java\javapath;C:\environments\oracle\db\10g\app\oracle\product\10.2.0\server\bin;C:\app\ext_lavergarav\product\12.1.0\dbhome_1\bin;C:\environments\oracle\db\12.1.0\dbhome_1\bin;C:\sybase\Shared\Sybase Central 4.3;C:\sybase\OCS-12_5\lib3p;C:\sybase\OCS-12_5\dll;C:\sybase\OCS-12_5\bin;C:\ProgramData\Oracle\Java\javapath;C:\Program Files (x86)\Intel\iCLS Client\;C:\Program Files\Intel\iCLS Client\;C:\Program Files\Common Files\Microsoft Shared\Microsoft Online Services;C:\Program Files (x86)\Common Files\Microsoft Shared\Microsoft Online Services;C:\WINDOWS\system32;C:\WINDOWS;C:\WINDOWS\System32\Wbem;C:\WINDOWS\System32\WindowsPowerShell\v1.0\;C:\Program Files\Intel\Intel(R) Management Engine Components\DAL;C:\Program Files\Intel\Intel(R) Management Engine Components\IPT;C:\Program Files (x86)\Intel\Intel(R) Management Engine Components\DAL;C:\Program Files (x86)\Intel\Intel(R) Management Engine Components\IPT;C:\Program Files\Intel\WiFi\bin\;C:\Program Files\Common Files\Intel\WirelessCommon\;C:\Program Files (x86)\Lenovo\Access Connections\;C:\Program Files\Lenovo\Fingerprint Manager Pro\;C:\Program Files\TortoiseSVN\bin;C:\Program Files (x86)\SDL International\SDLX;C:\Program Files\MATLAB\R2016b\bin;C:\WINDOWS\system32\config\systemprofile\.dnx\bin;C:\Program Files\Microsoft DNX\Dnvm\;C:\Program Files\Microsoft SQL Server\130\Tools\Binn\;C:\Program Files (x86)\PuTTY\;C:\Program Files\Java\jdk1.8.0_192\bin;C:\Users\ext_lavergarav\.azure-kubectl;C:\Program Files\Git\cmd;C:\Program Files (x86)\Nmap;C:\Program Files\Docker Toolbox;C:\Users\ext_lavergarav\Desktop\sts-bundle\sts-3.9.3.RELEASE;;.] - txEpd= txRef= cmRef= nodeRef= usrTx= rhsRef= commerce= country= 
2019-01-30 12:13:22 INFO - Initializing Spring embedded WebApplicationContext - txEpd= txRef= cmRef= nodeRef= usrTx= rhsRef= commerce= country= 
2019-01-30 12:13:22 INFO - Root WebApplicationContext: initialization completed in 2993 ms - txEpd= txRef= cmRef= nodeRef= usrTx= rhsRef= commerce= country= 
2019-01-30 12:13:33 INFO - Initializing DocumentClient with serviceEndpoint [https://tot-pe-mrex-prmg-product-qa.documents.azure.com:443/], ConnectionPolicy [ConnectionPolicy [requestTimeout=60, mediaRequestTimeout=300, connectionMode=Gateway, mediaReadMode=Buffered, maxPoolSize=400, idleConnectionTimeout=60, userAgentSuffix=;spring-data/2.0.5;f463404a5ff4cc47457ff6b1f64d28d4b5b2d1246c850571412bb6465d8f0556, retryOptions=com.microsoft.azure.documentdb.RetryOptions@bc9389, enableEndpointDiscovery=true, preferredLocations=null]], ConsistencyLevel [null] - txEpd= txRef= cmRef= nodeRef= usrTx= rhsRef= commerce= country= 
2019-01-30 12:13:34 WARN - 'Windows 10' with 'x86' system is not compatible with native library. JNI not loaded. - txEpd= txRef= cmRef= nodeRef= usrTx= rhsRef= commerce= country= 
2019-01-30 12:13:36 INFO - Creating MessagingFactory to namespace 'sb://tot-corp-orion-int-qa.servicebus.windows.net/' - txEpd= txRef= cmRef= nodeRef= usrTx= rhsRef= commerce= country= 
2019-01-30 12:13:36 INFO - Creating messaging factory from namespace endpoint uri 'sb://tot-corp-orion-int-qa.servicebus.windows.net/' - txEpd= txRef= cmRef= nodeRef= usrTx= rhsRef= commerce= country= 
2019-01-30 12:13:36 INFO - Creating and starting reactor - txEpd= txRef= cmRef= nodeRef= usrTx= rhsRef= commerce= country= 
2019-01-30 12:13:36 INFO - Started reactor - txEpd= txRef= cmRef= nodeRef= usrTx= rhsRef= commerce= country= 
2019-01-30 12:13:36 INFO - starting reactor instance. - txEpd= txRef= cmRef= nodeRef= usrTx= rhsRef= commerce= country= 
2019-01-30 12:13:36 INFO - Creating connection to host 'tot-corp-orion-int-qa.servicebus.windows.net:5671' - txEpd= txRef= cmRef= nodeRef= usrTx= rhsRef= commerce= country= 
2019-01-30 12:13:38 INFO - MessagingFactory opened. - txEpd= txRef= cmRef= nodeRef= usrTx= rhsRef= commerce= country= 
2019-01-30 12:13:38 INFO - Connection opened to host. - txEpd= txRef= cmRef= nodeRef= usrTx= rhsRef= commerce= country= 
2019-01-30 12:13:38 INFO - Created MessagingFactory to namespace 'sb://tot-corp-orion-int-qa.servicebus.windows.net/' - txEpd= txRef= cmRef= nodeRef= usrTx= rhsRef= commerce= country= 
2019-01-30 12:13:38 INFO - Creating MessageSender to entity 'tot-corp-orion-productchanges-topic-mid' - txEpd= txRef= cmRef= nodeRef= usrTx= rhsRef= commerce= country= 
2019-01-30 12:13:38 INFO - Creating CBS link to $cbs - txEpd= txRef= cmRef= nodeRef= usrTx= rhsRef= commerce= country= 
2019-01-30 12:13:38 INFO - Creating core message sender to 'tot-corp-orion-productchanges-topic-mid' - txEpd= txRef= cmRef= nodeRef= usrTx= rhsRef= commerce= country= 
2019-01-30 12:13:39 INFO - Opened requestresponselink to $cbs - txEpd= txRef= cmRef= nodeRef= usrTx= rhsRef= commerce= country= 
2019-01-30 12:13:39 INFO - Created CBS link to $cbs - txEpd= txRef= cmRef= nodeRef= usrTx= rhsRef= commerce= country= 
2019-01-30 12:13:39 INFO - Creating send link to 'tot-corp-orion-productchanges-topic-mid' - txEpd= txRef= cmRef= nodeRef= usrTx= rhsRef= commerce= country= 
2019-01-30 12:13:39 INFO - Opened send link to 'tot-corp-orion-productchanges-topic-mid' - txEpd= txRef= cmRef= nodeRef= usrTx= rhsRef= commerce= country= 
2019-01-30 12:13:39 INFO - Created MessageSender to entity 'tot-corp-orion-productchanges-topic-mid' - txEpd= txRef= cmRef= nodeRef= usrTx= rhsRef= commerce= country= 
2019-01-30 12:13:39 INFO - Created topic client to connection string 'Endpoint=sb://tot-corp-orion-int-qa.servicebus.windows.net/;EntityPath=tot-corp-orion-productchanges-topic-mid;' - txEpd= txRef= cmRef= nodeRef= usrTx= rhsRef= commerce= country= 
2019-01-30 12:13:40 INFO - Initializing ExecutorService 'applicationTaskExecutor' - txEpd= txRef= cmRef= nodeRef= usrTx= rhsRef= commerce= country= 
2019-01-30 12:13:43 INFO - Initializing DocumentClient with serviceEndpoint [https://tot-pe-mrex-prmg-product-qa.documents.azure.com:443/], ConnectionPolicy [ConnectionPolicy [requestTimeout=60, mediaRequestTimeout=300, connectionMode=Gateway, mediaReadMode=Buffered, maxPoolSize=400, idleConnectionTimeout=60, userAgentSuffix=;spring-data/2.0.5;f463404a5ff4cc47457ff6b1f64d28d4b5b2d1246c850571412bb6465d8f0556, retryOptions=com.microsoft.azure.documentdb.RetryOptions@bc9389, enableEndpointDiscovery=true, preferredLocations=null]], ConsistencyLevel [null] - txEpd= txRef= cmRef= nodeRef= usrTx= rhsRef= commerce= country= 
2019-01-30 12:13:44 INFO - Exposing 2 endpoint(s) beneath base path '/actuator' - txEpd= txRef= cmRef= nodeRef= usrTx= rhsRef= commerce= country= 
2019-01-30 12:13:44 INFO - Starting ProtocolHandler ["http-nio-8082"] - txEpd= txRef= cmRef= nodeRef= usrTx= rhsRef= commerce= country= 
2019-01-30 12:13:44 INFO - Tomcat started on port(s): 8082 (http) with context path '' - txEpd= txRef= cmRef= nodeRef= usrTx= rhsRef= commerce= country= 
2019-01-30 12:13:44 INFO - Started ProductCatalogCmdApplication in 25.855 seconds (JVM running for 27.514) - txEpd= txRef= cmRef= nodeRef= usrTx= rhsRef= commerce= country= 
2019-01-30 12:30:49 INFO - Application shutdown requested. - txEpd= txRef= cmRef= nodeRef= usrTx= rhsRef= commerce= country= 
2019-01-30 12:30:49 INFO - Closing DocumentClient - txEpd= txRef= cmRef= nodeRef= usrTx= rhsRef= commerce= country= 
2019-01-30 12:30:49 WARN - Preferred location background task was interrupted - txEpd= txRef= cmRef= nodeRef= usrTx= rhsRef= commerce= country= 
2019-01-30 12:30:49 INFO - Shutting down ExecutorService 'applicationTaskExecutor' - txEpd= txRef= cmRef= nodeRef= usrTx= rhsRef= commerce= country= 
2019-01-30 15:02:51 INFO - Starting ProductCatalogCmdApplication on MOEXT_LAVER with PID 4336 (C:\Users\ext_lavergarav\TottusOrion\git\product-catalog-cmd\bin\main started by ext_lavergarav in C:\Users\ext_lavergarav\TottusOrion\git\product-catalog-cmd) - txEpd= txRef= cmRef= nodeRef= usrTx= rhsRef= commerce= country= 
2019-01-30 15:02:51 INFO - No active profile set, falling back to default profiles: default - txEpd= txRef= cmRef= nodeRef= usrTx= rhsRef= commerce= country= 
2019-01-30 15:02:53 INFO - Bootstrapping Spring Data repositories in DEFAULT mode. - txEpd= txRef= cmRef= nodeRef= usrTx= rhsRef= commerce= country= 
2019-01-30 15:02:53 INFO - Finished Spring Data repository scanning in 113ms. Found 1 repository interfaces. - txEpd= txRef= cmRef= nodeRef= usrTx= rhsRef= commerce= country= 
2019-01-30 15:02:53 INFO - Bean 'org.springframework.hateoas.config.HateoasConfiguration' of type [org.springframework.hateoas.config.HateoasConfiguration$$EnhancerBySpringCGLIB$$12b1914f] is not eligible for getting processed by all BeanPostProcessors (for example: not eligible for auto-proxying) - txEpd= txRef= cmRef= nodeRef= usrTx= rhsRef= commerce= country= 
2019-01-30 15:02:54 INFO - Tomcat initialized with port(s): 8082 (http) - txEpd= txRef= cmRef= nodeRef= usrTx= rhsRef= commerce= country= 
2019-01-30 15:02:54 INFO - Initializing ProtocolHandler ["http-nio-8082"] - txEpd= txRef= cmRef= nodeRef= usrTx= rhsRef= commerce= country= 
2019-01-30 15:02:54 INFO - Starting service [Tomcat] - txEpd= txRef= cmRef= nodeRef= usrTx= rhsRef= commerce= country= 
2019-01-30 15:02:54 INFO - Starting Servlet engine: [Apache Tomcat/9.0.14] - txEpd= txRef= cmRef= nodeRef= usrTx= rhsRef= commerce= country= 
2019-01-30 15:02:54 INFO - The APR based Apache Tomcat Native library which allows optimal performance in production environments was not found on the java.library.path: [C:\environments\oracle\java\8\jdk\bin;C:\WINDOWS\Sun\Java\bin;C:\WINDOWS\system32;C:\WINDOWS;C:/Program Files (x86)/Java/jre1.8.0_201/bin/client;C:/Program Files (x86)/Java/jre1.8.0_201/bin;C:/Program Files (x86)/Java/jre1.8.0_201/lib/i386;C:\Program Files\Docker\Docker\Resources\bin;C:\Program Files (x86)\Microsoft SDKs\Azure\CLI2\wbin;C:\Program Files (x86)\Common Files\Oracle\Java\javapath;C:\environments\oracle\db\10g\app\oracle\product\10.2.0\server\bin;C:\app\ext_lavergarav\product\12.1.0\dbhome_1\bin;C:\environments\oracle\db\12.1.0\dbhome_1\bin;C:\sybase\Shared\Sybase Central 4.3;C:\sybase\OCS-12_5\lib3p;C:\sybase\OCS-12_5\dll;C:\sybase\OCS-12_5\bin;C:\ProgramData\Oracle\Java\javapath;C:\Program Files (x86)\Intel\iCLS Client\;C:\Program Files\Intel\iCLS Client\;C:\Program Files\Common Files\Microsoft Shared\Microsoft Online Services;C:\Program Files (x86)\Common Files\Microsoft Shared\Microsoft Online Services;C:\WINDOWS\system32;C:\WINDOWS;C:\WINDOWS\System32\Wbem;C:\WINDOWS\System32\WindowsPowerShell\v1.0\;C:\Program Files\Intel\Intel(R) Management Engine Components\DAL;C:\Program Files\Intel\Intel(R) Management Engine Components\IPT;C:\Program Files (x86)\Intel\Intel(R) Management Engine Components\DAL;C:\Program Files (x86)\Intel\Intel(R) Management Engine Components\IPT;C:\Program Files\Intel\WiFi\bin\;C:\Program Files\Common Files\Intel\WirelessCommon\;C:\Program Files (x86)\Lenovo\Access Connections\;C:\Program Files\Lenovo\Fingerprint Manager Pro\;C:\Program Files\TortoiseSVN\bin;C:\Program Files (x86)\SDL International\SDLX;C:\Program Files\MATLAB\R2016b\bin;C:\WINDOWS\system32\config\systemprofile\.dnx\bin;C:\Program Files\Microsoft DNX\Dnvm\;C:\Program Files\Microsoft SQL Server\130\Tools\Binn\;C:\Program Files (x86)\PuTTY\;C:\Program Files\Java\jdk1.8.0_192\bin;C:\Users\ext_lavergarav\.azure-kubectl;C:\Program Files\Git\cmd;C:\Program Files (x86)\Nmap;C:\Program Files\Docker Toolbox;C:\Users\ext_lavergarav\Desktop\sts-bundle\sts-3.9.3.RELEASE;;.] - txEpd= txRef= cmRef= nodeRef= usrTx= rhsRef= commerce= country= 
2019-01-30 15:02:55 INFO - Initializing Spring embedded WebApplicationContext - txEpd= txRef= cmRef= nodeRef= usrTx= rhsRef= commerce= country= 
2019-01-30 15:02:55 INFO - Root WebApplicationContext: initialization completed in 3974 ms - txEpd= txRef= cmRef= nodeRef= usrTx= rhsRef= commerce= country= 
2019-01-30 15:03:20 INFO - Initializing DocumentClient with serviceEndpoint [https://tot-pe-mrex-prmg-product-qa.documents.azure.com:443/], ConnectionPolicy [ConnectionPolicy [requestTimeout=60, mediaRequestTimeout=300, connectionMode=Gateway, mediaReadMode=Buffered, maxPoolSize=400, idleConnectionTimeout=60, userAgentSuffix=;spring-data/2.0.5;f463404a5ff4cc47457ff6b1f64d28d4b5b2d1246c850571412bb6465d8f0556, retryOptions=com.microsoft.azure.documentdb.RetryOptions@ff14cd, enableEndpointDiscovery=true, preferredLocations=null]], ConsistencyLevel [null] - txEpd= txRef= cmRef= nodeRef= usrTx= rhsRef= commerce= country= 
2019-01-30 15:03:22 WARN - 'Windows 10' with 'x86' system is not compatible with native library. JNI not loaded. - txEpd= txRef= cmRef= nodeRef= usrTx= rhsRef= commerce= country= 
2019-01-30 15:03:23 INFO - Creating MessagingFactory to namespace 'sb://tot-corp-orion-int-qa.servicebus.windows.net/' - txEpd= txRef= cmRef= nodeRef= usrTx= rhsRef= commerce= country= 
2019-01-30 15:03:23 INFO - Creating messaging factory from namespace endpoint uri 'sb://tot-corp-orion-int-qa.servicebus.windows.net/' - txEpd= txRef= cmRef= nodeRef= usrTx= rhsRef= commerce= country= 
2019-01-30 15:03:23 INFO - Creating and starting reactor - txEpd= txRef= cmRef= nodeRef= usrTx= rhsRef= commerce= country= 
2019-01-30 15:03:23 INFO - Started reactor - txEpd= txRef= cmRef= nodeRef= usrTx= rhsRef= commerce= country= 
2019-01-30 15:03:23 INFO - starting reactor instance. - txEpd= txRef= cmRef= nodeRef= usrTx= rhsRef= commerce= country= 
2019-01-30 15:03:23 INFO - Creating connection to host 'tot-corp-orion-int-qa.servicebus.windows.net:5671' - txEpd= txRef= cmRef= nodeRef= usrTx= rhsRef= commerce= country= 
2019-01-30 15:03:25 INFO - MessagingFactory opened. - txEpd= txRef= cmRef= nodeRef= usrTx= rhsRef= commerce= country= 
2019-01-30 15:03:25 INFO - Connection opened to host. - txEpd= txRef= cmRef= nodeRef= usrTx= rhsRef= commerce= country= 
2019-01-30 15:03:25 INFO - Created MessagingFactory to namespace 'sb://tot-corp-orion-int-qa.servicebus.windows.net/' - txEpd= txRef= cmRef= nodeRef= usrTx= rhsRef= commerce= country= 
2019-01-30 15:03:25 INFO - Creating MessageSender to entity 'tot-corp-orion-productchanges-topic-mid' - txEpd= txRef= cmRef= nodeRef= usrTx= rhsRef= commerce= country= 
2019-01-30 15:03:25 INFO - Creating CBS link to $cbs - txEpd= txRef= cmRef= nodeRef= usrTx= rhsRef= commerce= country= 
2019-01-30 15:03:25 INFO - Creating core message sender to 'tot-corp-orion-productchanges-topic-mid' - txEpd= txRef= cmRef= nodeRef= usrTx= rhsRef= commerce= country= 
2019-01-30 15:03:25 INFO - Opened requestresponselink to $cbs - txEpd= txRef= cmRef= nodeRef= usrTx= rhsRef= commerce= country= 
2019-01-30 15:03:25 INFO - Created CBS link to $cbs - txEpd= txRef= cmRef= nodeRef= usrTx= rhsRef= commerce= country= 
2019-01-30 15:03:25 INFO - Creating send link to 'tot-corp-orion-productchanges-topic-mid' - txEpd= txRef= cmRef= nodeRef= usrTx= rhsRef= commerce= country= 
2019-01-30 15:03:25 INFO - Opened send link to 'tot-corp-orion-productchanges-topic-mid' - txEpd= txRef= cmRef= nodeRef= usrTx= rhsRef= commerce= country= 
2019-01-30 15:03:25 INFO - Created MessageSender to entity 'tot-corp-orion-productchanges-topic-mid' - txEpd= txRef= cmRef= nodeRef= usrTx= rhsRef= commerce= country= 
2019-01-30 15:03:25 INFO - Created topic client to connection string 'Endpoint=sb://tot-corp-orion-int-qa.servicebus.windows.net/;EntityPath=tot-corp-orion-productchanges-topic-mid;' - txEpd= txRef= cmRef= nodeRef= usrTx= rhsRef= commerce= country= 
2019-01-30 15:03:27 INFO - Initializing ExecutorService 'applicationTaskExecutor' - txEpd= txRef= cmRef= nodeRef= usrTx= rhsRef= commerce= country= 
2019-01-30 15:03:29 INFO - Initializing DocumentClient with serviceEndpoint [https://tot-pe-mrex-prmg-product-qa.documents.azure.com:443/], ConnectionPolicy [ConnectionPolicy [requestTimeout=60, mediaRequestTimeout=300, connectionMode=Gateway, mediaReadMode=Buffered, maxPoolSize=400, idleConnectionTimeout=60, userAgentSuffix=;spring-data/2.0.5;f463404a5ff4cc47457ff6b1f64d28d4b5b2d1246c850571412bb6465d8f0556, retryOptions=com.microsoft.azure.documentdb.RetryOptions@ff14cd, enableEndpointDiscovery=true, preferredLocations=null]], ConsistencyLevel [null] - txEpd= txRef= cmRef= nodeRef= usrTx= rhsRef= commerce= country= 
2019-01-30 15:03:31 INFO - Exposing 2 endpoint(s) beneath base path '/actuator' - txEpd= txRef= cmRef= nodeRef= usrTx= rhsRef= commerce= country= 
2019-01-30 15:03:31 INFO - Starting ProtocolHandler ["http-nio-8082"] - txEpd= txRef= cmRef= nodeRef= usrTx= rhsRef= commerce= country= 
2019-01-30 15:03:31 INFO - Tomcat started on port(s): 8082 (http) with context path '' - txEpd= txRef= cmRef= nodeRef= usrTx= rhsRef= commerce= country= 
2019-01-30 15:03:31 INFO - Started ProductCatalogCmdApplication in 40.809 seconds (JVM running for 50.727) - txEpd= txRef= cmRef= nodeRef= usrTx= rhsRef= commerce= country= 
2019-01-30 15:05:45 INFO - Initializing Spring DispatcherServlet 'dispatcherServlet' - txEpd= txRef= cmRef= nodeRef= usrTx= rhsRef= commerce= country= 
2019-01-30 15:05:45 INFO - Initializing Servlet 'dispatcherServlet' - txEpd= txRef= cmRef= nodeRef= usrTx= rhsRef= commerce= country= 
2019-01-30 15:05:45 INFO - Completed initialization in 29 ms - txEpd= txRef= cmRef= nodeRef= usrTx= rhsRef= commerce= country= 
2019-01-30 15:05:45 INFO - Create Product request. - txEpd= txRef= cmRef= nodeRef= usrTx= rhsRef= commerce= country= 
2019-01-30 15:05:47 INFO - Product Saved successful  - txEpd= txRef= cmRef= nodeRef= usrTx= rhsRef= commerce= country= 
2019-01-30 15:05:47 INFO - Sending ProductCreateEvent integration Event  - txEpd= txRef= cmRef= nodeRef= usrTx= rhsRef= commerce= country= 
2019-01-30 15:05:50 INFO - Event published: {"sku":"20114862","description":"Paneton Tottus x 900 GR","levelId":1,"brand":"LG","model":"","productType":"SERVICIO","status":"Activo/Inactivo/Purgado","ean":1234567890123,"unitMeasure":"UNIDAD","saleUnit":"UNIDAD","posDescription":"","flejeDescription":"","codeSupplier":null,"nameSupplier":"","qtyCasePack":null,"nameCasePack":"","codeSUNAT":"","eanSecundary":[],"hierarchy":{"skuCode":"41234533","skuName":"ACEITE IDEAL","skuCodeLevel":1,"subClass":"J0101010101","subClassName":"ACEITE DE MAIZ","subClassLevel":2,"className":"ACEITES","classLevel":3,"subDepartment":"J010101","subDepartmentName":"ALIMENTOS BASICOS","subDepartmentLevel":4,"department":"J0101","departmentName":"ABARROTES","departmentLevel":5,"division":"J01","divisionName":"PGC COMESTIBLES","divisionLevel":6,"class":"J01010101"},"logisticAttributes":{"unitWeight":"KG","valueWeight":2.5,"unitMeasure":"CMT","length":5.15,"width":5,"high":0.11,"unitMeasureCasePack":"CMT","lengthCasePack":5.15,"widthCasePack":5,"highCasePack":0.11,"palletHi":11,"palletTier":3},"conservation":{"tvu":30,"conservation":"Mantener refrigerado a 25c","typeSanitaryRegistration":"RS/NS","numSanitaryRegistration":"RSKKN09-89","startDateSanitaryRegistration":"10-01-2018","endDateSanitaryRegistration":"10-01-2020","tmr":389},"assortment":{"store":123},"attribute":[{"nameAttribute":"Marca","value":"LG"}]} - txEpd= txRef= cmRef= nodeRef= usrTx= rhsRef= commerce= country= 
2019-01-30 15:05:50 INFO - Product Created successful  - txEpd= txRef= cmRef= nodeRef= usrTx= rhsRef= commerce= country= 
2019-01-30 15:06:56 INFO - Create Product request. - txEpd= txRef= cmRef= nodeRef= usrTx= rhsRef= commerce= country= 
2019-01-30 15:06:56 INFO - Product Saved successful  - txEpd= txRef= cmRef= nodeRef= usrTx= rhsRef= commerce= country= 
2019-01-30 15:06:56 INFO - Sending ProductCreateEvent integration Event  - txEpd= txRef= cmRef= nodeRef= usrTx= rhsRef= commerce= country= 
2019-01-30 15:06:57 INFO - Event published: {"sku":"20114862","description":"Paneton Tottus x 900 GR","levelId":1,"brand":"LG","model":"","productType":"SERVICIO","status":"Activo/Inactivo/Purgado","ean":1234567890123,"unitMeasure":"UNIDAD","saleUnit":"UNIDAD","posDescription":"","flejeDescription":"","codeSupplier":null,"nameSupplier":"","qtyCasePack":null,"nameCasePack":"","codeSUNAT":"","eanSecundary":[{"eanSecundary":1234567890123}],"hierarchy":{"skuCode":"41234533","skuName":"ACEITE IDEAL","skuCodeLevel":1,"subClass":"J0101010101","subClassName":"ACEITE DE MAIZ","subClassLevel":2,"className":"ACEITES","classLevel":3,"subDepartment":"J010101","subDepartmentName":"ALIMENTOS BASICOS","subDepartmentLevel":4,"department":"J0101","departmentName":"ABARROTES","departmentLevel":5,"division":"J01","divisionName":"PGC COMESTIBLES","divisionLevel":6,"class":"J01010101"},"logisticAttributes":{"unitWeight":"KG","valueWeight":2.5,"unitMeasure":"CMT","length":5.15,"width":5,"high":0.11,"unitMeasureCasePack":"CMT","lengthCasePack":5.15,"widthCasePack":5,"highCasePack":0.11,"palletHi":11,"palletTier":3},"conservation":{"tvu":30,"conservation":"Mantener refrigerado a 25c","typeSanitaryRegistration":"RS/NS","numSanitaryRegistration":"RSKKN09-89","startDateSanitaryRegistration":"10-01-2018","endDateSanitaryRegistration":"10-01-2020","tmr":389},"assortment":{"store":123},"attribute":[]} - txEpd= txRef= cmRef= nodeRef= usrTx= rhsRef= commerce= country= 
2019-01-30 15:06:57 INFO - Product Created successful  - txEpd= txRef= cmRef= nodeRef= usrTx= rhsRef= commerce= country= 
2019-01-30 19:11:34 WARN - Connection.onTransportError: hostname:tot-corp-orion-int-qa.servicebus.windows.net:5671, error:Se ha forzado la interrupción de una conexión existente por el host remoto - txEpd= txRef= cmRef= nodeRef= usrTx= rhsRef= commerce= country= 
2019-01-30 19:11:35ERROR - Connection error. 'Error{condition=proton:io, description='Se ha forzado la interrupción de una conexión existente por el host remoto', info=null}' - txEpd= txRef= cmRef= nodeRef= usrTx= rhsRef= commerce= country= 
2019-01-30 19:11:35 INFO - Closing connection to host - txEpd= txRef= cmRef= nodeRef= usrTx= rhsRef= commerce= country= 
2019-01-30 19:11:35 WARN - Internal send link of requestresponselink to '$cbs' closed with error. - txEpd= txRef= cmRef= nodeRef= usrTx= rhsRef= commerce= country= 
com.microsoft.azure.servicebus.primitives.ServiceBusException: Error{condition=proton:io, description='Se ha forzado la interrupción de una conexión existente por el host remoto', info=null}
	at com.microsoft.azure.servicebus.primitives.ExceptionUtil.toException(ExceptionUtil.java:113)
	at com.microsoft.azure.servicebus.primitives.RequestResponseLink$InternalSender.onClose(RequestResponseLink.java:837)
	at com.microsoft.azure.servicebus.amqp.BaseLinkHandler.processOnClose(BaseLinkHandler.java:68)
	at com.microsoft.azure.servicebus.primitives.MessagingFactory.closeConnection(MessagingFactory.java:373)
	at com.microsoft.azure.servicebus.primitives.MessagingFactory.onConnectionError(MessagingFactory.java:298)
	at com.microsoft.azure.servicebus.amqp.ConnectionHandler.onTransportError(ConnectionHandler.java:84)
	at org.apache.qpid.proton.engine.BaseHandler.handle(BaseHandler.java:191)
	at org.apache.qpid.proton.engine.impl.EventImpl.dispatch(EventImpl.java:108)
	at org.apache.qpid.proton.reactor.impl.ReactorImpl.dispatch(ReactorImpl.java:324)
	at org.apache.qpid.proton.reactor.impl.ReactorImpl.process(ReactorImpl.java:291)
	at com.microsoft.azure.servicebus.primitives.MessagingFactory$RunReactor.run(MessagingFactory.java:481)
	at java.lang.Thread.run(Thread.java:748)
2019-01-30 19:11:35 WARN - Completing all pending requests with exception in request response link to $cbs - txEpd= txRef= cmRef= nodeRef= usrTx= rhsRef= commerce= country= 
2019-01-30 19:11:35 WARN - Internal receive link of requestresponselink to '$cbs' closed with error. - txEpd= txRef= cmRef= nodeRef= usrTx= rhsRef= commerce= country= 
com.microsoft.azure.servicebus.primitives.ServiceBusException: Error{condition=proton:io, description='Se ha forzado la interrupción de una conexión existente por el host remoto', info=null}
	at com.microsoft.azure.servicebus.primitives.ExceptionUtil.toException(ExceptionUtil.java:113)
	at com.microsoft.azure.servicebus.primitives.RequestResponseLink$InternalReceiver.onClose(RequestResponseLink.java:630)
	at com.microsoft.azure.servicebus.amqp.BaseLinkHandler.processOnClose(BaseLinkHandler.java:68)
	at com.microsoft.azure.servicebus.primitives.MessagingFactory.closeConnection(MessagingFactory.java:373)
	at com.microsoft.azure.servicebus.primitives.MessagingFactory.onConnectionError(MessagingFactory.java:298)
	at com.microsoft.azure.servicebus.amqp.ConnectionHandler.onTransportError(ConnectionHandler.java:84)
	at org.apache.qpid.proton.engine.BaseHandler.handle(BaseHandler.java:191)
	at org.apache.qpid.proton.engine.impl.EventImpl.dispatch(EventImpl.java:108)
	at org.apache.qpid.proton.reactor.impl.ReactorImpl.dispatch(ReactorImpl.java:324)
	at org.apache.qpid.proton.reactor.impl.ReactorImpl.process(ReactorImpl.java:291)
	at com.microsoft.azure.servicebus.primitives.MessagingFactory$RunReactor.run(MessagingFactory.java:481)
	at java.lang.Thread.run(Thread.java:748)
2019-01-30 19:11:35 WARN - Completing all pending requests with exception in request response link to $cbs - txEpd= txRef= cmRef= nodeRef= usrTx= rhsRef= commerce= country= 
